<?xml version="1.0" encoding="UTF-8"?>
<!-- Generated by org.testng.reporters.JUnitReportReporter -->
<testsuite name="org.tests.Virtualmaze" tests="3" time="148.273" ignored="0" failures="0" timestamp="12 Feb 2023 05:54:37 GMT" skipped="0" hostname="DESKTOP-EOECCVL" errors="0">
  <testcase name="FindtheRoute" time="94.988" classname="org.tests.Virtualmaze"/>
  <testcase name="ApplytoFresher" time="23.096" classname="org.tests.Virtualmaze"/>
  <testcase name="ApplytoExperience" time="30.189" classname="org.tests.Virtualmaze"/>
</testsuite> <!-- org.tests.Virtualmaze -->
